<?xml version="1.0" encoding="UTF-8"?>
<!-- Generated by org.testng.reporters.JUnitXMLReporter -->
<testsuite ignored="0" hostname="SASI" failures="0" tests="3" name="Test" time="0.107" errors="0" timestamp="2025-12-03T12:30:17 IST">
  <testcase classname="github.GithubPracticeTest" name="githubPracticeTest" time="0.015"/>
  <testcase classname="jenkins.JenkinsPracticeTest" name="jenkinsPracyiceTest" time="0.002"/>
  <testcase classname="maven.MavenPracticeTest" name="mavenPracticetEST" time="0.002"/>
</testsuite> <!-- Test -->
