<?xml version="1.0" encoding="UTF-8"?>
<testng-results ignored="0" total="3" passed="3" failed="0" skipped="0">
  <reporter-output>
    <line>
      <![CDATA[Hii github]]>
    </line>
    <line>
      <![CDATA[Hii Jenkins]]>
    </line>
    <line>
      <![CDATA[Hi Maven]]>
    </line>
  </reporter-output>
  <suite started-at="2025-12-03T12:30:17 IST" name="Suite" finished-at="2025-12-03T12:30:17 IST" duration-ms="107">
    <groups>
    </groups>
    <test started-at="2025-12-03T12:30:17 IST" name="Test" finished-at="2025-12-03T12:30:17 IST" duration-ms="107">
      <class name="maven.MavenPracticeTest">
        <test-method signature="mavenPracticetEST()[pri:0, instance:maven.MavenPracticeTest@194bcebf]" started-at="2025-12-03T12:30:17 IST" name="mavenPracticetEST" finished-at="2025-12-03T12:30:17 IST" duration-ms="2" status="PASS">
          <reporter-output>
            <line>
              <![CDATA[Hi Maven]]>
            </line>
          </reporter-output>
        </test-method> <!-- mavenPracticetEST -->
      </class> <!-- maven.MavenPracticeTest -->
      <class name="jenkins.JenkinsPracticeTest">
        <test-method signature="jenkinsPracyiceTest()[pri:0, instance:jenkins.JenkinsPracticeTest@3c7f66c4]" started-at="2025-12-03T12:30:17 IST" name="jenkinsPracyiceTest" finished-at="2025-12-03T12:30:17 IST" duration-ms="2" status="PASS">
          <reporter-output>
            <line>
              <![CDATA[Hii Jenkins]]>
            </line>
          </reporter-output>
        </test-method> <!-- jenkinsPracyiceTest -->
      </class> <!-- jenkins.JenkinsPracticeTest -->
      <class name="github.GithubPracticeTest">
        <test-method signature="githubPracticeTest()[pri:0, instance:github.GithubPracticeTest@342c38f8]" started-at="2025-12-03T12:30:17 IST" name="githubPracticeTest" finished-at="2025-12-03T12:30:17 IST" duration-ms="15" status="PASS">
          <reporter-output>
            <line>
              <![CDATA[Hii github]]>
            </line>
          </reporter-output>
        </test-method> <!-- githubPracticeTest -->
      </class> <!-- github.GithubPracticeTest -->
    </test> <!-- Test -->
  </suite> <!-- Suite -->
</testng-results>
