<?xml version="1.0" encoding="UTF-8"?>
<!-- Generated by org.testng.reporters.JUnitReportReporter -->
<testsuite hostname="SASI" failures="0" tests="1" name="maven.MavenPracticeTest" time="0.002" errors="0" timestamp="2025-12-03T12:30:18 IST" skipped="0">
  <testcase classname="maven.MavenPracticeTest" name="mavenPracticetEST" time="0.002">
    <system-out>
      <![CDATA[Hi Maven]]>
    </system-out>
  </testcase> <!-- mavenPracticetEST -->
  <system-out>
    <![CDATA[Hii github
Hii Jenkins
Hi Maven]]>
  </system-out>
</testsuite> <!-- maven.MavenPracticeTest -->
