<?xml version="1.0" encoding="UTF-8"?>
<!-- Generated by org.testng.reporters.JUnitReportReporter -->
<testsuite hostname="SASI" failures="0" tests="1" name="jenkins.JenkinsPracticeTest" time="0.002" errors="0" timestamp="2025-12-03T12:30:18 IST" skipped="0">
  <testcase classname="jenkins.JenkinsPracticeTest" name="jenkinsPracyiceTest" time="0.002">
    <system-out>
      <![CDATA[Hii Jenkins]]>
    </system-out>
  </testcase> <!-- jenkinsPracyiceTest -->
  <system-out>
    <![CDATA[Hii github
Hii Jenkins
Hi Maven]]>
  </system-out>
</testsuite> <!-- jenkins.JenkinsPracticeTest -->
